This is LuaTeX, Version 1.0.4 (TeX Live 2017)  (format=lualatex 2017.6.23)  29 JUN 2017 15:34
 restricted system commands enabled.
**o_nimis_felix.tex
(./o_nimis_felix.tex
LaTeX2e <2017-04-15>
Lua module: luaotfload-main 2017/01/29 2.80001 OpenType layout system.
Lua module: lualibs 2017-02-01 2.5 ConTeXt Lua standard libraries.
Lua module: lualibs-extended 2017-02-01 2.5 ConTeXt Lua libraries -- extended co
llection.(using write cache: /Users/frromain/Library/texlive/2017/texmf-var/luat
ex-cache/generic)(using read cache: /usr/local/texlive/2017/texmf-var/luatex-cac
he/generic /Users/frromain/Library/texlive/2017/texmf-var/luatex-cache/generic)
luaotfload | conf : Root cache directory is /Users/frromain/Library/texlive/2017
/texmf-var/luatex-cache/generic/names.
luaotfload | init : Loading fontloader “fontloader-2017-02-11.lua” from kpse
-resolved path “/usr/local/texlive/2017/texmf-dist/tex/luatex/luaotfload/fontl
oader-2017-02-11.lua”.
Lua-only attribute luaotfload@state = 1
Lua-only attribute luaotfload@noligature = 2
Lua-only attribute luaotfload@syllabe = 3
luaotfload | init : Context OpenType loader version “3.027”
Inserting `luaotfload.node_processor' at position 1 in `pre_linebreak_filter'.
Inserting `luaotfload.node_processor' at position 1 in `hpack_filter'.
Inserting `luaotfload.define_font' at position 1 in `define_font'.
Lua-only attribute luaotfload_color_attribute = 4
luaotfload | conf : Root cache directory is /Users/frromain/Library/texlive/2017
/texmf-var/luatex-cache/generic/names.
Inserting `luaotfload.aux.set_sscale_dimens' at position 1 in `luaotfload.patch_
font'.
Inserting `luaotfload.aux.patch_cambria_domh' at position 2 in `luaotfload.patch
_font'.
Inserting `luaotfload.aux.fixup_fontdata' at position 1 in `luaotfload.patch_fon
t_unsafe'.
Inserting `luaotfload.aux.set_capheight' at position 3 in `luaotfload.patch_font
'.
Inserting `luaotfload.rewrite_fontname' at position 4 in `luaotfload.patch_font'
.
luaotfload | main : initialization completed in 0.125 seconds
Babel <3.10> and hyphenation patterns for 1 language(s) loaded.
(/usr/local/texlive/2017/texmf-dist/tex/latex/base/article.cls
Document Class: article 2014/09/29 v1.4h Standard LaTeX document class
(/usr/local/texlive/2017/texmf-dist/tex/latex/base/size10.clo
File: size10.clo 2014/09/29 v1.4h Standard LaTeX file (size option)
luaotfload | db : Font names database loaded from /Users/frromain/Library/texliv
e/2017/texmf-var/luatex-cache/generic/names/luaotfload-names.luc(load luc: /User
s/frromain/Library/texlive/2017/texmf-var/luatex-cache/generic/fonts/otl/lmroman
10-regular.luc))
\c@part=\count79
\c@section=\count80
\c@subsection=\count81
\c@subsubsection=\count82
\c@paragraph=\count83
\c@subparagraph=\count84
\c@figure=\count85
\c@table=\count86
\abovecaptionskip=\skip41
\belowcaptionskip=\skip42
\bibindent=\dimen102
)
(/usr/local/texlive/2017/texmf-dist/tex/latex/geometry/geometry.sty
Package: geometry 2010/09/12 v5.6 Page Geometry

(/usr/local/texlive/2017/texmf-dist/tex/latex/graphics/keyval.sty
Package: keyval 2014/10/28 v1.15 key=value parser (DPC)
\KV@toks@=\toks14
)
(/usr/local/texlive/2017/texmf-dist/tex/generic/oberdiek/ifpdf.sty
Package: ifpdf 2017/03/15 v3.2 Provides the ifpdf switch
)
(/usr/local/texlive/2017/texmf-dist/tex/generic/oberdiek/ifvtex.sty
Package: ifvtex 2016/05/16 v1.6 Detect VTeX and its facilities (HO)
Package ifvtex Info: VTeX not detected.
)
(/usr/local/texlive/2017/texmf-dist/tex/generic/ifxetex/ifxetex.sty
Package: ifxetex 2010/09/12 v0.6 Provides ifxetex conditional
)
\Gm@cnth=\count87
\Gm@cntv=\count88
\c@Gm@tempcnt=\count89
\Gm@bindingoffset=\dimen103
\Gm@wd@mp=\dimen104
\Gm@odd@mp=\dimen105
\Gm@even@mp=\dimen106
\Gm@layoutwidth=\dimen107
\Gm@layoutheight=\dimen108
\Gm@layouthoffset=\dimen109
\Gm@layoutvoffset=\dimen110
\Gm@dimlist=\toks15
)
(/usr/local/texlive/2017/texmf-dist/tex/lualatex/luatextra/luatextra.sty
Package: luatextra 2010/10/10 v1.0 Loading usual LuaLaTeX packages

(/usr/local/texlive/2017/texmf-dist/tex/generic/oberdiek/ifluatex.sty
Package: ifluatex 2016/05/16 v1.4 Provides the ifluatex switch (HO)
Package ifluatex Info: LuaTeX detected.
)
(/usr/local/texlive/2017/texmf-dist/tex/latex/fontspec/fontspec.sty
(/usr/local/texlive/2017/texmf-dist/tex/latex/l3kernel/expl3.sty
Package: expl3 2017/05/13 L3 programming layer (loader) 

(/usr/local/texlive/2017/texmf-dist/tex/latex/l3kernel/expl3-code.tex
Package: expl3 2017/05/13 L3 programming layer (code)
\ucharcat@table=\catcodetable5
\c_max_int=\count90
\l_tmpa_int=\count91
\l_tmpb_int=\count92
\g_tmpa_int=\count93
\g_tmpb_int=\count94
\g__prg_map_int=\count95
\c_log_iow=\count96
\l_iow_line_count_int=\count97
\l__iow_line_target_int=\count98
\l__iow_one_indent_int=\count99
\l__iow_indent_int=\count100
\c_zero_dim=\dimen111
\c_max_dim=\dimen112
\l_tmpa_dim=\dimen113
\l_tmpb_dim=\dimen114
\g_tmpa_dim=\dimen115
\g_tmpb_dim=\dimen116
\c_zero_skip=\skip43
\c_max_skip=\skip44
\l_tmpa_skip=\skip45
\l_tmpb_skip=\skip46
\g_tmpa_skip=\skip47
\g_tmpb_skip=\skip48
\c_zero_muskip=\muskip10
\c_max_muskip=\muskip11
\l_tmpa_muskip=\muskip12
\l_tmpb_muskip=\muskip13
\g_tmpa_muskip=\muskip14
\g_tmpb_muskip=\muskip15
\l_keys_choice_int=\count101
\c__fp_leading_shift_int=\count102
\c__fp_middle_shift_int=\count103
\c__fp_trailing_shift_int=\count104
\c__fp_big_leading_shift_int=\count105
\c__fp_big_middle_shift_int=\count106
\c__fp_big_trailing_shift_int=\count107
\c__fp_Bigg_leading_shift_int=\count108
\c__fp_Bigg_middle_shift_int=\count109
\c__fp_Bigg_trailing_shift_int=\count110
\c__fp_rand_size_int=\count111
\c__fp_rand_four_int=\count112
\c__fp_rand_eight_int=\count113
\l__sort_length_int=\count114
\l__sort_min_int=\count115
\l__sort_top_int=\count116
\l__sort_max_int=\count117
\l__sort_true_max_int=\count118
\l__sort_block_int=\count119
\l__sort_begin_int=\count120
\l__sort_end_int=\count121
\l__sort_A_int=\count122
\l__sort_B_int=\count123
\l__sort_C_int=\count124
\c_empty_box=\box26
\l_tmpa_box=\box27
\l_tmpb_box=\box28
\g_tmpa_box=\box29
\g_tmpb_box=\box30
\l__box_top_dim=\dimen117
\l__box_bottom_dim=\dimen118
\l__box_left_dim=\dimen119
\l__box_right_dim=\dimen120
\l__box_top_new_dim=\dimen121
\l__box_bottom_new_dim=\dimen122
\l__box_left_new_dim=\dimen123
\l__box_right_new_dim=\dimen124
\l__box_internal_box=\box31
\l__coffin_internal_box=\box32
\l__coffin_internal_dim=\dimen125
\l__coffin_offset_x_dim=\dimen126
\l__coffin_offset_y_dim=\dimen127
\l__coffin_x_dim=\dimen128
\l__coffin_y_dim=\dimen129
\l__coffin_x_prime_dim=\dimen130
\l__coffin_y_prime_dim=\dimen131
\c_empty_coffin=\box33
\l__coffin_aligned_coffin=\box34
\l__coffin_aligned_internal_coffin=\box35
\l_tmpa_coffin=\box36
\l_tmpb_coffin=\box37
\l__coffin_display_coffin=\box38
\l__coffin_display_coord_coffin=\box39
\l__coffin_display_pole_coffin=\box40
\l__coffin_display_offset_dim=\dimen132
\l__coffin_display_x_dim=\dimen133
\l__coffin_display_y_dim=\dimen134
\l__coffin_bounding_shift_dim=\dimen135
\l__coffin_left_corner_dim=\dimen136
\l__coffin_right_corner_dim=\dimen137
\l__coffin_bottom_corner_dim=\dimen138
\l__coffin_top_corner_dim=\dimen139
\l__coffin_scaled_total_height_dim=\dimen140
\l__coffin_scaled_width_dim=\dimen141
)
(/usr/local/texlive/2017/texmf-dist/tex/latex/l3kernel/l3pdfmode.def
File: l3pdfmode.def 2017/03/18 v L3 Experimental driver: PDF mode
\l__driver_color_stack_int=\count125
\l__driver_tmp_box=\box41
))
(/usr/local/texlive/2017/texmf-dist/tex/latex/l3packages/xparse/xparse.sty
Package: xparse 2017/05/13 L3 Experimental document command parser
\l__xparse_current_arg_int=\count126
\g__xparse_grabber_int=\count127
\l__xparse_m_args_int=\count128
\l__xparse_mandatory_args_int=\count129
\l__xparse_v_nesting_int=\count130
)
Package: fontspec 2017/03/31 v2.6a Font selection for XeLaTeX and LuaLaTeX
Lua module: fontspec 2017/03/31 2.6a Font selection for XeLaTeX and LuaLaTeX
(/usr/local/texlive/2017/texmf-dist/tex/latex/fontspec/fontspec-luatex.sty
Package: fontspec-luatex 2017/03/31 v2.6a Font selection for XeLaTeX and LuaLaTe
X
\l__fontspec_script_int=\count131
\l__fontspec_language_int=\count132
\l__fontspec_strnum_int=\count133
\l__fontspec_tmp_int=\count134
\l__fontspec_em_int=\count135
\l__fontspec_emdef_int=\count136
\l__fontspec_strong_int=\count137
\l__fontspec_strongdef_int=\count138
\l__fontspec_tmpa_dim=\dimen142
\l__fontspec_tmpb_dim=\dimen143
\l__fontspec_tmpc_dim=\dimen144
\g__file_internal_ior=\read1

(/usr/local/texlive/2017/texmf-dist/tex/latex/base/fontenc.sty
Package: fontenc 2017/04/05 v2.0i Standard LaTeX package

(/usr/local/texlive/2017/texmf-dist/tex/latex/base/tuenc.def
File: tuenc.def 2017/04/05 v2.0i Standard LaTeX file
LaTeX Font Info:    Redeclaring font encoding TU on input line 82.
))
.................................................
. LaTeX info: "xparse/define-command"
. 
. Defining command \fontspec with sig. 'O{}mO{}' on line 475.
.................................................
.................................................
. LaTeX info: "xparse/define-command"
. 
. Defining command \setmainfont with sig. 'O{}mO{}' on line 486.
.................................................
.................................................
. LaTeX info: "xparse/define-command"
. 
. Defining command \setsansfont with sig. 'O{}mO{}' on line 506.
.................................................
.................................................
. LaTeX info: "xparse/define-command"
. 
. Defining command \setmonofont with sig. 'O{}mO{}' on line 526.
.................................................
.................................................
. LaTeX info: "xparse/define-command"
. 
. Defining command \setromanfont with sig. 'O{}mO{}' on line 546.
.................................................
.................................................
. LaTeX info: "xparse/define-command"
. 
. Defining command \setmathrm with sig. 'O{}mO{}' on line 550.
.................................................
.................................................
. LaTeX info: "xparse/define-command"
. 
. Defining command \setboldmathrm with sig. 'O{}mO{}' on line 558.
.................................................
.................................................
. LaTeX info: "xparse/define-command"
. 
. Defining command \setmathsf with sig. 'O{}mO{}' on line 566.
.................................................
.................................................
. LaTeX info: "xparse/define-command"
. 
. Defining command \setmathtt with sig. 'O{}mO{}' on line 574.
.................................................
.................................................
. LaTeX info: "xparse/define-command"
. 
. Defining command \newfontfamily with sig. 'mO{}mO{}' on line 589.
.................................................
.................................................
. LaTeX info: "xparse/define-command"
. 
. Defining command \newfontface with sig. 'mO{}mO{}' on line 606.
.................................................
.................................................
. LaTeX info: "xparse/define-command"
. 
. Defining command \defaultfontfeatures with sig. 't+om' on line 617.
.................................................
.................................................
. LaTeX info: "xparse/define-command"
. 
. Defining command \addfontfeatures with sig. 'm' on line 648.
.................................................
.................................................
. LaTeX info: "xparse/define-command"
. 
. Defining command \newfontfeature with sig. 'mm' on line 675.
.................................................
.................................................
. LaTeX info: "xparse/define-command"
. 
. Defining command \newAATfeature with sig. 'mmmm' on line 689.
.................................................
.................................................
. LaTeX info: "xparse/define-command"
. 
. Defining command \newopentypefeature with sig. 'mmm' on line 703.
.................................................
.................................................
. LaTeX info: "xparse/define-command"
. 
. Defining command \newICUfeature with sig. 'mmm' on line 723.
.................................................
.................................................
. LaTeX info: "xparse/define-command"
. 
. Defining command \aliasfontfeature with sig. 'mm' on line 727.
.................................................
.................................................
. LaTeX info: "xparse/define-command"
. 
. Defining command \aliasfontfeatureoption with sig. 'mmm' on line 748.
.................................................
.................................................
. LaTeX info: "xparse/define-command"
. 
. Defining command \newfontscript with sig. 'mm' on line 781.
.................................................
.................................................
. LaTeX info: "xparse/define-command"
. 
. Defining command \newfontlanguage with sig. 'mm' on line 785.
.................................................
.................................................
. LaTeX info: "xparse/define-command"
. 
. Defining command \DeclareFontsExtensions with sig. 'm' on line 789.
.................................................
.................................................
. LaTeX info: "xparse/define-command"
. 
. Defining command \IfFontFeatureActiveTF with sig. 'mmm' on line 800.
.................................................
.................................................
. LaTeX info: "xparse/define-command"
. 
. Defining command \EncodingCommand with sig. 'mO{}m' on line 3162.
.................................................
.................................................
. LaTeX info: "xparse/define-command"
. 
. Defining command \EncodingAccent with sig. 'mm' on line 3168.
.................................................
.................................................
. LaTeX info: "xparse/define-command"
. 
. Defining command \EncodingSymbol with sig. 'mm' on line 3174.
.................................................
.................................................
. LaTeX info: "xparse/define-command"
. 
. Defining command \EncodingComposite with sig. 'mmm' on line 3180.
.................................................
.................................................
. LaTeX info: "xparse/define-command"
. 
. Defining command \EncodingCompositeCommand with sig. 'mmm' on line 3186.
.................................................
.................................................
. LaTeX info: "xparse/define-command"
. 
. Defining command \DeclareUnicodeEncoding with sig. 'mm' on line 3211.
.................................................
.................................................
. LaTeX info: "xparse/define-command"
. 
. Defining command \UndeclareSymbol with sig. 'm' on line 3217.
.................................................
.................................................
. LaTeX info: "xparse/define-command"
. 
. Defining command \UndeclareComposite with sig. 'mm' on line 3225.
.................................................

(/usr/local/texlive/2017/texmf-dist/tex/latex/fontspec/fontspec.cfg)
LaTeX Info: Redefining \itshape on input line 3410.
LaTeX Info: Redefining \slshape on input line 3415.
LaTeX Info: Redefining \scshape on input line 3420.
LaTeX Info: Redefining \upshape on input line 3425.
LaTeX Info: Redefining \em on input line 3455.
LaTeX Info: Redefining \emph on input line 3480.
(load luc: /Users/frromain/Library/texlive/2017/texmf-var/luatex-cache/generic/f
onts/otl/lmroman10-bold.luc)(load luc: /Users/frromain/Library/texlive/2017/texm
f-var/luatex-cache/generic/fonts/otl/lmroman10-italic.luc)
LaTeX Info: Redefining \- on input line 3531.
.................................................
. LaTeX info: "xparse/redefine-command"
. 
. Redefining command \oldstylenums with sig. 'm' on line 3626.
.................................................
.................................................
. LaTeX info: "xparse/define-command"
. 
. Defining command \liningnums with sig. 'm' on line 3630.
.................................................
))
(/usr/local/texlive/2017/texmf-dist/tex/luatex/luatexbase/luatexbase.sty
Package: luatexbase 2015/10/04 v1.3 luatexbase interface to LuaTeX 

(/usr/local/texlive/2017/texmf-dist/tex/luatex/ctablestack/ctablestack.sty
Package: ctablestack 2015/10/01 v1.0 Catcode table stable support
\@catcodetablestackcnt=\count139
)
\CatcodeTableOther=\catcodetable6
\CatcodeTableExpl=\catcodetable7
)
(/usr/local/texlive/2017/texmf-dist/tex/latex/metalogo/metalogo.sty
Package: metalogo 2010/05/29 v0.12 Extended TeX logo macros

(/usr/local/texlive/2017/texmf-dist/tex/latex/graphics/graphicx.sty
Package: graphicx 2014/10/28 v1.0g Enhanced LaTeX Graphics (DPC,SPQR)

(/usr/local/texlive/2017/texmf-dist/tex/latex/graphics/graphics.sty
Package: graphics 2017/04/14 v1.1b Standard LaTeX Graphics (DPC,SPQR)

(/usr/local/texlive/2017/texmf-dist/tex/latex/graphics/trig.sty
Package: trig 2016/01/03 v1.10 sin cos tan (DPC)
)
(/usr/local/texlive/2017/texmf-dist/tex/latex/graphics-cfg/graphics.cfg
File: graphics.cfg 2016/06/04 v1.11 sample graphics configuration
)
Package graphics Info: Driver file: luatex.def on input line 99.

(/usr/local/texlive/2017/texmf-dist/tex/latex/graphics-def/luatex.def
File: luatex.def 2017/01/12 v0.01h Graphics/Color for luaTeX

(/usr/local/texlive/2017/texmf-dist/tex/generic/oberdiek/infwarerr.sty
Package: infwarerr 2016/05/16 v1.4 Providing info/warning/error messages (HO)
)
(/usr/local/texlive/2017/texmf-dist/tex/generic/oberdiek/ltxcmds.sty
Package: ltxcmds 2016/05/16 v1.23 LaTeX kernel commands for general use (HO)
)
\Gread@gobject=\count140
))
\Gin@req@height=\dimen145
\Gin@req@width=\dimen146
)
\xl@everylogo=\toks16
\xl@@everylogo=\toks17
LaTeX Info: Redefining \TeX on input line 193.
LaTeX Info: Redefining \LaTeX on input line 202.
LaTeX Info: Redefining \LaTeXe on input line 219.
)
(/usr/local/texlive/2017/texmf-dist/tex/lualatex/luacode/luacode.sty
Package: luacode 2012/01/23 v1.2a lua-in-tex helpers (mpg)
\luacode@lines=\toks18
\luacode@table@soft=\catcodetable8
)
(/usr/local/texlive/2017/texmf-dist/tex/latex/base/fixltx2e.sty
Package: fixltx2e 2016/12/29 v2.1a fixes to LaTeX (obsolete)
Applying: [2015/01/01] Old fixltx2e package on input line 46.


Package fixltx2e Warning: fixltx2e is not required with releases after 2015
(fixltx2e)                All fixes are now in the LaTeX kernel.
(fixltx2e)                See the latexrelease package for details.

Already applied: [0000/00/00] Old fixltx2e package on input line 53.
))
luaotfload | cache : Lookup cache loaded from /Users/frromain/Library/texlive/20
17/texmf-var/luatex-cache/generic/names/luaotfload-lookup-cache.luc.(load luc: /
Users/frromain/Library/texlive/2017/texmf-var/luatex-cache/generic/fonts/otl/arn
opro-smtext.luc)
\g__fontspec_family_ArnoPro_int=\count141
(load luc: /Users/frromain/Library/texlive/2017/texmf-var/luatex-cache/generic/f
onts/otl/arnopro-bolditalicsmtext.luc)(load luc: /Users/frromain/Library/texlive
/2017/texmf-var/luatex-cache/generic/fonts/otl/arnopro-boldsmtext.luc)(load luc:
 /Users/frromain/Library/texlive/2017/texmf-var/luatex-cache/generic/fonts/otl/a
rnopro-italicsmtext.luc)
.................................................
. fontspec info: "defining-font"
. 
. Font family 'ArnoPro(0)' created for font 'Arno Pro' with options
. [Ligatures=TeX].
.  
.  This font family consists of the following NFSS series/shapes:
.  
. - 'normal' (m/n) with NFSS spec.:
. <->"ArnoPro:mode=node;script=latn;language=DFLT;+tlig;"
. - 'small caps'  (m/sc) with NFSS spec.:
. <->"ArnoPro:mode=node;script=latn;language=DFLT;+tlig;+smcp;"
. - 'bold' (bx/n) with NFSS spec.:
. <->"ArnoPro/B:mode=node;script=latn;language=DFLT;+tlig;"
. - 'bold small caps'  (bx/sc) with NFSS spec.:
. <->"ArnoPro/B:mode=node;script=latn;language=DFLT;+tlig;+smcp;"
. - 'italic' (m/it) with NFSS spec.:
. <->"ArnoPro/I:mode=node;script=latn;language=DFLT;+tlig;"
. - 'italic small caps'  (m/itsc) with NFSS spec.:
. <->"ArnoPro/I:mode=node;script=latn;language=DFLT;+tlig;+smcp;"
. - 'bold italic' (bx/it) with NFSS spec.:
. <->"ArnoPro/BI:mode=node;script=latn;language=DFLT;+tlig;"
. - 'bold italic small caps'  (bx/itsc) with NFSS spec.:
. <->"ArnoPro/BI:mode=node;script=latn;language=DFLT;+tlig;+smcp;"
.................................................
LaTeX Info: Redefining \rmfamily on input line 9.

(/usr/local/texlive/2017/texmf-dist/tex/generic/babel/babel.sty
Package: babel 2017/05/19 3.10 The Babel package

(/usr/local/texlive/2017/texmf-dist/tex/generic/babel/luababel.def
\l@dumylang=\language2
Package babel Info: Non-standard hyphenation setup on input line 122.
\l@nohyphenation=\language3
\l@german-x-2017-03-31=\language4
\l@ngerman-x-2017-03-31=\language5
\l@afrikaans=\language6
\l@ancientgreek=\language7
\l@ibycus=\language8
\l@arabic=\language9
\l@armenian=\language10
\l@basque=\language11
\l@belarusian=\language12
\l@bulgarian=\language13
\l@catalan=\language14
\l@pinyin=\language15
\l@churchslavonic=\language16
\l@coptic=\language17
\l@croatian=\language18
\l@czech=\language19
\l@danish=\language20
\l@dutch=\language21
\l@ukenglish=\language22
\l@usenglishmax=\language23
\l@esperanto=\language24
\l@estonian=\language25
\l@ethiopic=\language26
\l@farsi=\language27
\l@finnish=\language28
\l@french=\language29
\l@friulan=\language30
\l@galician=\language31
\l@georgian=\language32
\l@german=\language33
\l@ngerman=\language34
\l@swissgerman=\language35
\l@monogreek=\language36
\l@greek=\language37
\l@hungarian=\language38
\l@icelandic=\language39
\l@assamese=\language40
\l@bengali=\language41
\l@gujarati=\language42
\l@hindi=\language43
\l@kannada=\language44
\l@malayalam=\language45
\l@marathi=\language46
\l@oriya=\language47
\l@panjabi=\language48
\l@tamil=\language49
\l@telugu=\language50
\l@indonesian=\language51
\l@interlingua=\language52
\l@irish=\language53
\l@italian=\language54
\l@kurmanji=\language55
\l@latin=\language56
\l@classiclatin=\language57
\l@liturgicallatin=\language58
\l@latvian=\language59
\l@lithuanian=\language60
\l@mongolian=\language61
\l@mongolianlmc=\language62
\l@bokmal=\language63
\l@nynorsk=\language64
\l@occitan=\language65
\l@piedmontese=\language66
\l@polish=\language67
\l@portuguese=\language68
\l@romanian=\language69
\l@romansh=\language70
\l@russian=\language71
\l@sanskrit=\language72
\l@serbian=\language73
\l@serbianc=\language74
\l@slovak=\language75
\l@slovenian=\language76
\l@spanish=\language77
\l@swedish=\language78
\l@thai=\language79
\l@turkish=\language80
\l@turkmen=\language81
\l@ukrainian=\language82
\l@uppersorbian=\language83
\l@welsh=\language84
)
(/usr/local/texlive/2017/texmf-dist/tex/generic/babel-french/frenchb.ldf
Language: frenchb 2017/04/30 v3.3a French support from the babel system

(/usr/local/texlive/2017/texmf-dist/tex/generic/babel/babel.def
File: babel.def 2017/05/19 3.10 Babel common definitions
\babel@savecnt=\count142
\U@D=\dimen147

(/usr/local/texlive/2017/texmf-dist/tex/generic/babel/luababel.def))
\l@acadian = a dialect from \language\l@french 
\l@canadien = a dialect from \language\l@french 
\FB@nonchar=\count143
\FBcolonsp=\toks19
\FBthinsp=\toks20
\FB@spacing=\attribute5
\FB@addDPspace=\attribute6
\FB@addGUILspace=\attribute7
Package frenchb.ldf Info: No need for active punctuation characters
(frenchb.ldf)             with this version of LuaTeX!
(frenchb.ldf)             reported on input line 229.
\FBguillsp=\toks21
\FBguill@level=\count144
\FB@everypar=\toks22
\FB@Mht=\dimen148
LaTeX Info: Redefining \degres on input line 721.
\mc@charclass=\count145
\mc@charfam=\count146
\mc@charslot=\count147
\std@mcc=\count148
\dec@mcc=\count149
\listindentFB=\skip49
\descindentFB=\skip50
\labelwidthFB=\skip51
\leftmarginFB=\skip52
\parindentFFN=\dimen149
\FBfnindent=\skip53

(/usr/local/texlive/2017/texmf-dist/tex/generic/hyph-utf8/loadhyph/loadhyph-fr.
tex UTF-8 French hyphenation patterns
(/usr/local/texlive/2017/texmf-dist/tex/generic/hyph-utf8/patterns/tex/hyph-fr.
tex)
(/usr/local/texlive/2017/texmf-dist/tex/generic/hyph-utf8/patterns/quote/hyph-q
uote-fr.tex))))
(/usr/local/texlive/2017/texmf-dist/tex/latex/carlisle/scalefnt.sty)
(/usr/local/texlive/2017/texmf-dist/tex/latex/soul/soul.sty
Package: soul 2003/11/17 v2.4 letterspacing/underlining (mf)
\SOUL@word=\toks23
\SOUL@lasttoken=\toks24
\SOUL@cmds=\toks25
\SOUL@buffer=\toks26
\SOUL@token=\toks27
\SOUL@spaceskip=\skip54
\SOUL@ttwidth=\dimen150
\SOUL@uldp=\dimen151
\SOUL@ulht=\dimen152
)
(/usr/local/texlive/texmf-local/tex/lualatex/gregoriotex/gregoriotex.sty
Package: gregoriotex 2017/04/16 v5.0.1 GregorioTeX system.

(/usr/local/texlive/2017/texmf-dist/tex/latex/xcolor/xcolor.sty
Package: xcolor 2016/05/11 v2.12 LaTeX color extensions (UK)

(/usr/local/texlive/2017/texmf-dist/tex/latex/graphics-cfg/color.cfg
File: color.cfg 2016/01/02 v1.6 sample color configuration
)
Package xcolor Info: Driver file: luatex.def on input line 225.
Package xcolor Info: Model `cmy' substituted by `cmy0' on input line 1348.
Package xcolor Info: Model `hsb' substituted by `rgb' on input line 1352.
Package xcolor Info: Model `RGB' extended on input line 1364.
Package xcolor Info: Model `HTML' substituted by `rgb' on input line 1366.
Package xcolor Info: Model `Hsb' substituted by `hsb' on input line 1367.
Package xcolor Info: Model `tHsb' substituted by `hsb' on input line 1368.
Package xcolor Info: Model `HSB' substituted by `hsb' on input line 1369.
Package xcolor Info: Model `Gray' substituted by `gray' on input line 1370.
Package xcolor Info: Model `wave' substituted by `hsb' on input line 1371.
)
(/usr/local/texlive/2017/texmf-dist/tex/latex/oberdiek/kvoptions.sty
Package: kvoptions 2016/05/16 v3.12 Key value format for package options (HO)

(/usr/local/texlive/2017/texmf-dist/tex/generic/oberdiek/kvsetkeys.sty
Package: kvsetkeys 2016/05/16 v1.17 Key value parser (HO)

(/usr/local/texlive/2017/texmf-dist/tex/generic/oberdiek/etexcmds.sty
Package: etexcmds 2016/05/16 v1.6 Avoid name clashes with e-TeX commands (HO)
)))
(/usr/local/texlive/2017/texmf-dist/tex/luatex/luamplib/luamplib.sty
Package: luamplib 2016/03/31 v2.11.3 mplib package for LuaTeX
Lua module: luamplib 2016/03/31 2.11.3 Lua package to typeset Metapost with LuaT
eX's MPLib.
\mplibstartlineno=\count150
\everymplibtoks=\toks28
\everyendmplibtoks=\toks29
\mplibscratchbox=\box42
)
(/usr/local/texlive/2017/texmf-dist/tex/generic/xstring/xstring.sty
(/usr/local/texlive/2017/texmf-dist/tex/generic/xstring/xstring.tex
\@xs@message=\write3
\integerpart=\count151
\decimalpart=\count152
)
Package: xstring 2013/10/13  v1.7c  String manipulations (C Tellechea)
)
(/usr/local/texlive/texmf-local/tex/luatex/gregoriotex/gregoriotex-main.tex
(/usr/local/texlive/texmf-local/tex/luatex/gregoriotex/gregoriotex-common.tex)
\gre@attr@dash=\attribute8
\gre@attr@center=\attribute9
\GreScoreId=\attribute10
\gre@attr@glyph@id=\attribute11
\gre@attr@glyph@top=\attribute12
\gre@attr@glyph@bottom=\attribute13
\gre@attr@syllable@id=\attribute14
\gre@atletter=\catcodetable9
Lua module: gregoriotex 2017/04/16 5.0.1 GregorioTeX module.
Custom whatsit marker = 1
Module gregoriotex Info: marker whatsit id is 1 on input line 131

(o_nimis_felix.gaux)
Module gregoriotex Info: Reading o_nimis_felix.gaux on input line 135
Inserting `gregoriotex.write_greaux' at position 1 in `finish_pdffile'.
\gre@gaux=\write4
\gre@factor=\count153

(/usr/local/texlive/texmf-local/tex/luatex/gregoriotex/gregoriotex-spaces.tex
\gre@hyphenpenaltysave=\count154
\gre@exhyphenpenaltysave=\count155
\gre@doublehyphendemeritssave=\count156
\gre@finalhyphendemeritssave=\count157
\gre@brokenpenaltysave=\count158
\gre@loosenesssave=\count159
\gre@tolerancesave=\count160
\gre@pretolerancesave=\count161
\gre@emergencystretchsave=\skip55
\gre@widowpenaltysave=\count162
\gre@clubpenaltysave=\count163
\gre@saved@parskip=\skip56
\gre@saved@lineskip=\skip57
\gre@saved@baselineskip=\skip58
\gre@saved@lineskiplimit=\skip59
\gre@dimen@textlower=\dimen153
\gre@dimen@stafflinewidth=\dimen154
\gre@dimen@linewidth=\dimen155
\gre@dimen@stafflineheight=\dimen156
\gre@dimen@interstafflinespace=\dimen157
\gre@dimen@stafflinediff=\dimen158
\gre@dimen@constantglyphraise=\dimen159
\gre@dimen@staffheight=\dimen160
\gre@skip@syllablefinalskip=\skip60
\gre@skip@minTextDistance=\skip61
\gre@skip@minNotesDistance=\skip62
\gre@dimen@curTextDistance=\dimen161
\gre@dimen@curNotesDistance=\dimen162
\gre@skip@minShiftText=\skip63
\gre@skip@minShiftNotes=\skip64
\gre@dimen@bolshift=\dimen163
\gre@dimen@bolextra=\dimen164
\gre@dimen@clefwidth@current=\dimen165
\gre@dimen@clefwidth@largest=\dimen166
\gre@dimen@clefwidth@bol=\dimen167
\gre@dimen@eolshift=\dimen168
\gre@dimen@glyphraisevalue=\dimen169
\gre@dimen@additionalbottomspace=\dimen170
\gre@dimen@additionaltopspace=\dimen171
\gre@dimen@additionaltopspacealt=\dimen172
\gre@dimen@additionaltopspacenabc=\dimen173
\gre@saved@dimen@additionalbottomspace=\dimen174
\gre@saved@dimen@additionaltopspace=\dimen175
\gre@saved@dimen@additionaltopspacealt=\dimen176
\gre@saved@dimen@additionaltopspacenabc=\dimen177
\gre@saved@dimen@currenttranslationheight=\dimen178
\gre@saved@dimen@textlower=\dimen179
\gre@saved@dimen@currentabovelinestextheight=\dimen180
\gre@saved@dimen@constantglyphraise=\dimen181
\gre@space@count@additionaltopspacethreshold=\count164
\gre@space@count@additionaltopspacealtthreshold=\count165
\gre@space@count@additionaltopspacenabcthreshold=\count166
\gre@space@count@noteadditionalspacelinestextthreshold=\count167
\gre@dimen@textaligncenter=\dimen182
\gre@dimen@enddifference=\dimen183
\gre@dimen@previousenddifference=\dimen184
\gre@dimen@currenttranslationheight=\dimen185
\gre@skip@nextbegindifference=\skip65
\gre@dimen@annotationtrueraise=\dimen186
\gre@dimen@commentarytrueraise=\dimen187
\gre@skip@bar@requirement=\skip66
\gre@skip@bar@allocation=\skip67
\gre@dimen@bar@shift=\dimen188
\gre@skip@text@requirement=\skip68
\gre@skip@text@allocation=\skip69
\gre@dimen@text@shift=\dimen189
\gre@dimen@adjustedpreviousenddifference=\dimen190
\gre@skip@adjustednextbegindifference=\dimen191
\gre@skip@punctummorashift=\skip70
\gre@skip@alterationshift=\skip71
\gre@dimen@begindifference=\dimen192
\gre@dimen@lastglyphwidth=\dimen193
\gre@dimen@notesaligncenter=\dimen194
\gre@dimen@additionalleftspace=\dimen195
\gre@dimen@initialwidth=\dimen196
\gre@dimen@currentabovelinestextheight=\dimen197
\gre@dimen@temp@one=\dimen198
\gre@dimen@temp@two=\dimen199
\gre@dimen@temp@three=\dimen256
\gre@dimen@temp@four=\dimen257
\gre@dimen@temp@five=\dimen258
\gre@skip@temp@one=\skip72
\gre@skip@temp@two=\skip73
\gre@skip@temp@three=\skip74
\gre@skip@temp@four=\skip75
\gre@count@temp@one=\count168
\gre@count@temp@two=\count169
\gre@count@temp@three=\count170
\gre@space@count@newlinepenalty=\count171
\gre@space@count@nobreakpenalty=\count172
\gre@space@count@endofwordpenalty=\count173
\gre@space@count@endofsyllablepenalty=\count174
\gre@space@count@endafterbarpenalty=\count175
\gre@space@count@endafterbaraltpenalty=\count176
\gre@space@count@finalpenalty=\count177
\gre@space@count@endofelementpenalty=\count178
\gre@space@count@hyphenpenalty=\count179
\gre@space@count@brokenpenalty=\count180
\gre@space@count@looseness=\count181
\gre@space@count@tolerance=\count182
\gre@space@count@pretolerance=\count183
\gre@space@count@widowpenalty=\count184
\gre@space@count@clubpenalty=\count185
\greconffactor=\count186
)
\gre@box@temp@width=\box43
\gre@box@initial=\box44
\gre@biginitial=\count187
\gre@knownline=\count188
\gre@box@annotation=\box45
\gre@box@add=\box46
\gre@box@old=\box47
\gre@count@annotationvalign=\count189
\gre@box@commentary=\box48
\gre@box@lines=\box49
Module gregoriotex Info: Registering variant font greciliae as gre@font@variant@
A. on input line 990
Module gregoriotex Info: Registering variant font greciliae-hollow as gre@font@v
ariant@B. on input line 990
Module gregoriotex Info: Registering variant font greciliae-hole as gre@font@var
iant@C. on input line 990
(load luc: /Users/frromain/Library/texlive/2017/texmf-var/luatex-cache/generic/f
onts/otl/greciliae.luc)(load luc: /Users/frromain/Library/texlive/2017/texmf-var
/luatex-cache/generic/fonts/otl/greciliae-hollow.luc)(load luc: /Users/frromain/
Library/texlive/2017/texmf-var/luatex-cache/generic/fonts/otl/greciliae-hole.luc
)
Module gregoriotex Info: Mapping font greciliae on input line 995
Module gregoriotex Info: Mapping font greciliae-hollow on input line 995
Module gregoriotex Info: Mapping font greciliae-hole on input line 995

(/usr/local/texlive/texmf-local/tex/luatex/gregoriotex/gregoriotex-chars.tex
\gre@box@hep=\box50
)
(/usr/local/texlive/texmf-local/tex/luatex/gregoriotex/gregoriotex-signs.tex
\gre@box@temp@clef=\box51
\gre@box@temp@cleftwo=\box52
\greslurheight=\dimen259
\gre@box@temp@sign=\box53
\gre@count@shiftaftermora=\count190
\gre@dimen@morawidth=\dimen260
\gre@skip@bar@lastskip=\skip76
\gre@count@lastglyphiscavum=\count191
)
(/usr/local/texlive/texmf-local/tex/luatex/gregoriotex/gregoriotex-syllable.tex
\gre@generate@pointandclick=\count192
\gre@box@syllablenotes=\box54
\gre@box@syllabletext=\box55
\gre@clivisalignment=\count193
\gre@count@unbreakabletotalnotes=\count194
\gre@count@unbreakableinitialnotes=\count195
\gre@count@unbreakablefinalnotes=\count196
\gre@count@syllablenotes=\count197
)
\gre@variableheightexpansion=\count198
\gre@lastoflinecount=\count199
\gre@nobreakpenaltysave=\count266
\gre@endofwordpenaltysave=\count267
\gre@endofsyllablepenaltysave=\count268
\gre@endafterbarpenaltysave=\count269
\gre@endafterbaraltpenaltysave=\count270
\gre@endofelementpenaltysave=\count271
\gre@lasteuouaeindex=\count272

(/usr/local/texlive/texmf-local/tex/luatex/gregoriotex/gregoriotex-symbols.tex
Module gregoriotex Info: Registering variant font greextra as gre@font@variant@D
. on input line 53
(load luc: /Users/frromain/Library/texlive/2017/texmf-var/luatex-cache/generic/f
onts/otl/greextra.luc))
(/usr/local/texlive/texmf-local/tex/luatex/gregoriotex/gsp-default.tex)
(/usr/local/texlive/texmf-local/tex/luatex/gregoriotex/gregoriotex-nabc.tex)))
(/usr/local/texlive/2017/texmf-dist/tex/latex/tools/calc.sty
Package: calc 2014/10/28 v4.3 Infix arithmetic (KKT,FJ)
\calc@Acount=\count273
\calc@Bcount=\count274
\calc@Adimen=\dimen261
\calc@Bdimen=\dimen262
\calc@Askip=\skip77
\calc@Bskip=\skip78
LaTeX Info: Redefining \setlength on input line 80.
LaTeX Info: Redefining \addtolength on input line 81.
\calc@Ccount=\count275
\calc@Cskip=\skip79
)
(/usr/local/texlive/2017/texmf-dist/tex/latex/psnfss/pifont.sty
Package: pifont 2005/04/12 PSNFSS-v9.2a Pi font support (SPQR) 
LaTeX Font Info:    Try loading font information for U+pzd on input line 63.

(/usr/local/texlive/2017/texmf-dist/tex/latex/psnfss/upzd.fd
File: upzd.fd 2001/06/04 font definitions for U/pzd.
)
LaTeX Font Info:    Try loading font information for U+psy on input line 64.

(/usr/local/texlive/2017/texmf-dist/tex/latex/psnfss/upsy.fd
File: upsy.fd 2001/06/04 font definitions for U/psy.
))(load luc: /Users/frromain/Library/texlive/2017/texmf-var/luatex-cache/generic
/fonts/otl/gregplantin-regular.luc)
luaotfload | aux : font no 30 (nil) defines no feature for script latn
luaotfload | aux : no font with id 30
.................................................
. fontspec info: "no-scripts"
. 
. Font "GregPlantinRegular" does not contain any OpenType `Script'
. information.
.................................................
\g__fontspec_family_GregPlantinRegular_int=\count276
luaotfload | aux : font no 30 (nil) does not define feature smcp for script  wit
h language 
luaotfload | aux : no font with id 30(load luc: /Users/frromain/Library/texlive/
2017/texmf-var/luatex-cache/generic/fonts/otl/gregplantin-bold.luc)
luaotfload | aux : font no 31 (nil) does not define feature smcp for script  wit
h language 
luaotfload | aux : no font with id 31(load luc: /Users/frromain/Library/texlive/
2017/texmf-var/luatex-cache/generic/fonts/otl/gregplantin-italic.luc)
luaotfload | aux : font no 32 (nil) does not define feature smcp for script  wit
h language 
luaotfload | aux : no font with id 32(load luc: /Users/frromain/Library/texlive/
2017/texmf-var/luatex-cache/generic/fonts/otl/gregplantin-bolditalic.luc)
luaotfload | aux : font no 33 (nil) does not define feature smcp for script  wit
h language 
luaotfload | aux : no font with id 33
.................................................
. fontspec info: "defining-font"
. 
. Font family 'GregPlantinRegular(0)' created for font 'GregPlantin Regular'
. with options [BoldFont = GregPlantin Bold,ItalicFont = GregPlantin
. Italic,BoldItalicFont = GregPlantin Bolditalic].
.  
.  This font family consists of the following NFSS series/shapes:
.  
. - 'normal' (m/n) with NFSS spec.: <->"GregPlantinRegular:mode=node;"
. - 'small caps'  (m/sc) with NFSS spec.: 
. - 'bold' (bx/n) with NFSS spec.: <->"GregPlantinBold:mode=node;"
. - 'bold small caps'  (bx/sc) with NFSS spec.: 
. - 'italic' (m/it) with NFSS spec.: <->"GregPlantinItalic:mode=node;"
. - 'italic small caps'  (m/itsc) with NFSS spec.: 
. - 'bold italic' (bx/it) with NFSS spec.:
. <->"GregPlantinBolditalic:mode=node;"
. - 'bold italic small caps'  (bx/itsc) with NFSS spec.: 
.................................................
(load luc: /Users/frromain/Library/texlive/2017/texmf-var/luatex-cache/generic/f
onts/otl/plantinstd.luc)
\g__fontspec_family_PlantinStd_int=\count277
(load luc: /Users/frromain/Library/texlive/2017/texmf-var/luatex-cache/generic/f
onts/otl/plantinstd-bolditalic.luc)(load luc: /Users/frromain/Library/texlive/20
17/texmf-var/luatex-cache/generic/fonts/otl/plantinstd-boldcondensed.luc)(load l
uc: /Users/frromain/Library/texlive/2017/texmf-var/luatex-cache/generic/fonts/ot
l/plantinstd-italic.luc)
luaotfload | aux : font no 34 (nil) does not define feature smcp for script latn
 with language dflt
luaotfload | aux : no font with id 34
luaotfload | aux : font no 36 (nil) does not define feature smcp for script latn
 with language dflt
luaotfload | aux : no font with id 36
luaotfload | aux : font no 37 (nil) does not define feature smcp for script latn
 with language dflt
luaotfload | aux : no font with id 37
luaotfload | aux : font no 35 (nil) does not define feature smcp for script latn
 with language dflt
luaotfload | aux : no font with id 35
.................................................
. fontspec info: "defining-font"
. 
. Font family 'PlantinStd(0)' created for font 'Plantin Std' with options [].
.  
.  This font family consists of the following NFSS series/shapes:
.  
. - 'normal' (m/n) with NFSS spec.:
. <->"PlantinStd:mode=node;script=latn;language=DFLT;"
. - 'small caps'  (m/sc) with NFSS spec.: 
. - 'bold' (bx/n) with NFSS spec.:
. <->"PlantinStd/B:mode=node;script=latn;language=DFLT;"
. - 'bold small caps'  (bx/sc) with NFSS spec.: 
. - 'italic' (m/it) with NFSS spec.:
. <->"PlantinStd/I:mode=node;script=latn;language=DFLT;"
. - 'italic small caps'  (m/itsc) with NFSS spec.: 
. - 'bold italic' (bx/it) with NFSS spec.:
. <->"PlantinStd/BI:mode=node;script=latn;language=DFLT;"
. - 'bold italic small caps'  (bx/itsc) with NFSS spec.: 
.................................................
(load luc: /Users/frromain/Library/texlive/2017/texmf-var/luatex-cache/generic/f
onts/otl/garamondpremrpro-smbd.luc)
\g__fontspec_family_GaramondPremierPro_int=\count278
(load luc: /Users/frromain/Library/texlive/2017/texmf-var/luatex-cache/generic/f
onts/otl/garamondpremrpro-bdit.luc)(load luc: /Users/frromain/Library/texlive/20
17/texmf-var/luatex-cache/generic/fonts/otl/garamondpremrpro-bd.luc)(load luc: /
Users/frromain/Library/texlive/2017/texmf-var/luatex-cache/generic/fonts/otl/gar
amondpremrpro-it.luc)
.................................................
. fontspec info: "defining-font"
. 
. Font family 'GaramondPremierPro(0)' created for font 'Garamond Premier Pro'
. with options [Numbers=OldStyle].
.  
.  This font family consists of the following NFSS series/shapes:
.  
. - 'normal' (m/n) with NFSS spec.:
. <->"GaramondPremierPro:mode=node;script=latn;language=DFLT;+onum;"
. - 'small caps'  (m/sc) with NFSS spec.:
. <->"GaramondPremierPro:mode=node;script=latn;language=DFLT;+onum;+smcp;"
. - 'bold' (bx/n) with NFSS spec.:
. <->"GaramondPremierPro/B:mode=node;script=latn;language=DFLT;+onum;"
. - 'bold small caps'  (bx/sc) with NFSS spec.:
. <->"GaramondPremierPro/B:mode=node;script=latn;language=DFLT;+onum;+smcp;"
. - 'italic' (m/it) with NFSS spec.:
. <->"GaramondPremierPro/I:mode=node;script=latn;language=DFLT;+onum;"
. - 'italic small caps'  (m/itsc) with NFSS spec.:
. <->"GaramondPremierPro/I:mode=node;script=latn;language=DFLT;+onum;+smcp;"
. - 'bold italic' (bx/it) with NFSS spec.:
. <->"GaramondPremierPro/BI:mode=node;script=latn;language=DFLT;+onum;"
. - 'bold italic small caps'  (bx/itsc) with NFSS spec.:
. <->"GaramondPremierPro/BI:mode=node;script=latn;language=DFLT;+onum;+smcp;"
.................................................
(load luc: /Users/frromain/Library/texlive/2017/texmf-var/luatex-cache/generic/f
onts/otl/garamondpremrpro-capt.luc)
\g__fontspec_family_GaramondPremrPro-Capt_int=\count279
.................................................
. fontspec info: "no-font-shape"
. 
. Could not resolve font "GaramondPremrPro-Capt/BI" (it probably doesn't
. exist).
.................................................
.................................................
. fontspec info: "no-font-shape"
. 
. Could not resolve font "GaramondPremrPro-Capt/B" (it probably doesn't
. exist).
.................................................
.................................................
. fontspec info: "no-font-shape"
. 
. Could not resolve font "GaramondPremrPro-Capt/I" (it probably doesn't
. exist).
.................................................
.................................................
. fontspec info: "defining-font"
. 
. Font family 'GaramondPremrPro-Capt(0)' created for font
. 'GaramondPremrPro-Capt' with options [Numbers=OldStyle].
.  
.  This font family consists of the following NFSS series/shapes:
.  
. - 'normal' (m/n) with NFSS spec.:
. <->"GaramondPremrPro-Capt:mode=node;script=latn;language=DFLT;+onum;"
. - 'small caps'  (m/sc) with NFSS spec.:
. <->"GaramondPremrPro-Capt:mode=node;script=latn;language=DFLT;+onum;+smcp;"
.................................................
(load luc: /Users/frromain/Library/texlive/2017/texmf-var/luatex-cache/generic/f
onts/otl/garamondpremrpro-medcapt.luc)
\g__fontspec_family_GaramondPremrPro-MedCapt_int=\count280
.................................................
. fontspec info: "no-font-shape"
. 
. Could not resolve font "GaramondPremrPro-MedCapt/BI" (it probably doesn't
. exist).
.................................................
.................................................
. fontspec info: "no-font-shape"
. 
. Could not resolve font "GaramondPremrPro-MedCapt/B" (it probably doesn't
. exist).
.................................................
.................................................
. fontspec info: "no-font-shape"
. 
. Could not resolve font "GaramondPremrPro-MedCapt/I" (it probably doesn't
. exist).
.................................................
.................................................
. fontspec info: "defining-font"
. 
. Font family 'GaramondPremrPro-MedCapt(0)' created for font
. 'GaramondPremrPro-MedCapt' with options [Numbers=OldStyle].
.  
.  This font family consists of the following NFSS series/shapes:
.  
. - 'normal' (m/n) with NFSS spec.:
. <->"GaramondPremrPro-MedCapt:mode=node;script=latn;language=DFLT;+onum;"
. - 'small caps'  (m/sc) with NFSS spec.:
. <->"GaramondPremrPro-MedCapt:mode=node;script=latn;language=DFLT;+onum;+smcp;"

.................................................
(load luc: /Users/frromain/Library/texlive/2017/texmf-var/luatex-cache/generic/f
onts/otl/garamondpremrpro-itcapt.luc)
\g__fontspec_family_GaramondPremrPro-ItCapt_int=\count281
.................................................
. fontspec info: "no-font-shape"
. 
. Could not resolve font "GaramondPremrPro-ItCapt/BI" (it probably doesn't
. exist).
.................................................
.................................................
. fontspec info: "no-font-shape"
. 
. Could not resolve font "GaramondPremrPro-ItCapt/B" (it probably doesn't
. exist).
.................................................
.................................................
. fontspec info: "no-font-shape"
. 
. Could not resolve font "GaramondPremrPro-ItCapt/I" (it probably doesn't
. exist).
.................................................
.................................................
. fontspec info: "defining-font"
. 
. Font family 'GaramondPremrPro-ItCapt(0)' created for font
. 'GaramondPremrPro-ItCapt' with options [Numbers=OldStyle].
.  
.  This font family consists of the following NFSS series/shapes:
.  
. - 'normal' (m/n) with NFSS spec.:
. <->"GaramondPremrPro-ItCapt:mode=node;script=latn;language=DFLT;+onum;"
. - 'small caps'  (m/sc) with NFSS spec.:
. <->"GaramondPremrPro-ItCapt:mode=node;script=latn;language=DFLT;+onum;+smcp;"
.................................................
\g__fontspec_family_GaramondPremrPro-It_int=\count282
.................................................
. fontspec info: "no-font-shape"
. 
. Could not resolve font "GaramondPremrPro-It/BI" (it probably doesn't exist).
.................................................
.................................................
. fontspec info: "no-font-shape"
. 
. Could not resolve font "GaramondPremrPro-It/B" (it probably doesn't exist).
.................................................
.................................................
. fontspec info: "no-font-shape"
. 
. Could not resolve font "GaramondPremrPro-It/I" (it probably doesn't exist).
.................................................
.................................................
. fontspec info: "defining-font"
. 
. Font family 'GaramondPremrPro-It(0)' created for font 'GaramondPremrPro-It'
. with options [].
.  
.  This font family consists of the following NFSS series/shapes:
.  
. - 'normal' (m/n) with NFSS spec.:
. <->"GaramondPremrPro-It:mode=node;script=latn;language=DFLT;"
. - 'small caps'  (m/sc) with NFSS spec.:
. <->"GaramondPremrPro-It:mode=node;script=latn;language=DFLT;+smcp;"
.................................................
(load luc: /Users/frromain/Library/texlive/2017/texmf-var/luatex-cache/generic/f
onts/otl/garamondpremrpro-medit.luc)
\g__fontspec_family_GaramondPremrPro-MedIt_int=\count283
.................................................
. fontspec info: "no-font-shape"
. 
. Could not resolve font "GaramondPremrPro-MedIt/BI" (it probably doesn't
. exist).
.................................................
.................................................
. fontspec info: "no-font-shape"
. 
. Could not resolve font "GaramondPremrPro-MedIt/B" (it probably doesn't
. exist).
.................................................
.................................................
. fontspec info: "no-font-shape"
. 
. Could not resolve font "GaramondPremrPro-MedIt/I" (it probably doesn't
. exist).
.................................................
.................................................
. fontspec info: "defining-font"
. 
. Font family 'GaramondPremrPro-MedIt(0)' created for font
. 'GaramondPremrPro-MedIt' with options [].
.  
.  This font family consists of the following NFSS series/shapes:
.  
. - 'normal' (m/n) with NFSS spec.:
. <->"GaramondPremrPro-MedIt:mode=node;script=latn;language=DFLT;"
. - 'small caps'  (m/sc) with NFSS spec.:
. <->"GaramondPremrPro-MedIt:mode=node;script=latn;language=DFLT;+smcp;"
.................................................
(load luc: /Users/frromain/Library/texlive/2017/texmf-var/luatex-cache/generic/f
onts/otl/flavgaramondregular.luc)
luaotfload | aux : font no 46 (nil) defines no feature for script latn
luaotfload | aux : no font with id 46
.................................................
. fontspec info: "no-scripts"
. 
. Font "FlavGaramond" does not contain any OpenType `Script' information.
.................................................
\g__fontspec_family_FlavGaramond_int=\count284
(load luc: /Users/frromain/Library/texlive/2017/texmf-var/luatex-cache/generic/f
onts/otl/flavgaramondbolditalic.luc)(load luc: /Users/frromain/Library/texlive/2
017/texmf-var/luatex-cache/generic/fonts/otl/flavgaramondbold.luc)(load luc: /Us
ers/frromain/Library/texlive/2017/texmf-var/luatex-cache/generic/fonts/otl/flavg
aramonditalic.luc)
luaotfload | aux : font no 46 (nil) does not define feature smcp for script  wit
h language 
luaotfload | aux : no font with id 46
luaotfload | aux : font no 48 (nil) does not define feature smcp for script  wit
h language 
luaotfload | aux : no font with id 48
luaotfload | aux : font no 49 (nil) does not define feature smcp for script  wit
h language 
luaotfload | aux : no font with id 49
luaotfload | aux : font no 47 (nil) does not define feature smcp for script  wit
h language 
luaotfload | aux : no font with id 47
.................................................
. fontspec info: "defining-font"
. 
. Font family 'FlavGaramond(0)' created for font 'FlavGaramond' with options
. [].
.  
.  This font family consists of the following NFSS series/shapes:
.  
. - 'normal' (m/n) with NFSS spec.: <->"FlavGaramond:mode=node;"
. - 'small caps'  (m/sc) with NFSS spec.: 
. - 'bold' (bx/n) with NFSS spec.: <->"FlavGaramond/B:mode=node;"
. - 'bold small caps'  (bx/sc) with NFSS spec.: 
. - 'italic' (m/it) with NFSS spec.: <->"FlavGaramond/I:mode=node;"
. - 'italic small caps'  (m/itsc) with NFSS spec.: 
. - 'bold italic' (bx/it) with NFSS spec.: <->"FlavGaramond/BI:mode=node;"
. - 'bold italic small caps'  (bx/itsc) with NFSS spec.: 
.................................................
\scorebox=\box56
Module gregoriotex Info: capturing header commentary using grecommentary, string
=true, name=nil on input line 76
Module gregoriotex Info: greciliae-hole : gre@font@variant@C : rescaling grecili
ae-hole to 1600000 on input line 78
Module gregoriotex Info: greciliae-hollow : gre@font@variant@B : rescaling greci
liae-hollow to 1600000 on input line 78
Module gregoriotex Info: greciliae : gre@font@variant@A : rescaling greciliae to
 1600000 on input line 78
 (./o_nimis_felix.aux)
\openout1 = o_nimis_felix.aux

LaTeX Font Info:    Checking defaults for OML/cmm/m/it on input line 137.
LaTeX Font Info:    ... okay on input line 137.
LaTeX Font Info:    Checking defaults for T1/cmr/m/n on input line 137.
LaTeX Font Info:    ... okay on input line 137.
LaTeX Font Info:    Checking defaults for OT1/cmr/m/n on input line 137.
LaTeX Font Info:    ... okay on input line 137.
LaTeX Font Info:    Checking defaults for OMS/cmsy/m/n on input line 137.
LaTeX Font Info:    ... okay on input line 137.
LaTeX Font Info:    Checking defaults for TU/lmr/m/n on input line 137.
LaTeX Font Info:    ... okay on input line 137.
LaTeX Font Info:    Checking defaults for OMX/cmex/m/n on input line 137.
LaTeX Font Info:    ... okay on input line 137.
LaTeX Font Info:    Checking defaults for U/cmr/m/n on input line 137.
LaTeX Font Info:    ... okay on input line 137.

*geometry* driver: auto-detecting
*geometry* detected driver: pdftex
*geometry* verbose mode - [ preamble ] result:
* driver: pdftex
* paper: custom
* layout: <same size as paper>
* layoutoffset:(h,v)=(0.0pt,0.0pt)
* modes: includehead twoside 
* h-part:(L,W,R)=(56.9055pt, 308.71259pt, 56.9055pt)
* v-part:(T,H,B)=(0.0pt, 569.05513pt, 28.45274pt)
* \paperwidth=422.52359pt
* \paperheight=597.50787pt
* \textwidth=308.71259pt
* \textheight=532.05513pt
* \oddsidemargin=-15.36449pt
* \evensidemargin=-15.36449pt
* \topmargin=-72.26999pt
* \headheight=12.0pt
* \headsep=25.0pt
* \topskip=10.0pt
* \footskip=30.0pt
* \marginparwidth=121.0pt
* \marginparsep=11.0pt
* \columnsep=10.0pt
* \skip\footins=9.0pt plus 4.0pt minus 2.0pt
* \hoffset=0.0pt
* \voffset=0.0pt
* \mag=1000
* \@twocolumnfalse
* \@twosidetrue
* \@mparswitchtrue
* \@reversemarginfalse
* (1in=72.27pt=25.4mm, 1cm=28.453pt)

.................................................
. fontspec info: "setup-math"
. 
. Adjusting the maths setup (use [no-math] to avoid this).
.................................................
\symlegacymaths=\mathgroup4
LaTeX Font Info:    Overwriting symbol font `legacymaths' in version `bold'
(Font)                  OT1/cmr/m/n --> OT1/cmr/bx/n on input line 137.
LaTeX Font Info:    Redeclaring math accent \acute on input line 137.
LaTeX Font Info:    Redeclaring math accent \grave on input line 137.
LaTeX Font Info:    Redeclaring math accent \ddot on input line 137.
LaTeX Font Info:    Redeclaring math accent \tilde on input line 137.
LaTeX Font Info:    Redeclaring math accent \bar on input line 137.
LaTeX Font Info:    Redeclaring math accent \breve on input line 137.
LaTeX Font Info:    Redeclaring math accent \check on input line 137.
LaTeX Font Info:    Redeclaring math accent \hat on input line 137.
LaTeX Font Info:    Redeclaring math accent \dot on input line 137.
LaTeX Font Info:    Redeclaring math accent \mathring on input line 137.
LaTeX Font Info:    Redeclaring math symbol \colon on input line 137.
LaTeX Font Info:    Redeclaring math symbol \Gamma on input line 137.
LaTeX Font Info:    Redeclaring math symbol \Delta on input line 137.
LaTeX Font Info:    Redeclaring math symbol \Theta on input line 137.
LaTeX Font Info:    Redeclaring math symbol \Lambda on input line 137.
LaTeX Font Info:    Redeclaring math symbol \Xi on input line 137.
LaTeX Font Info:    Redeclaring math symbol \Pi on input line 137.
LaTeX Font Info:    Redeclaring math symbol \Sigma on input line 137.
LaTeX Font Info:    Redeclaring math symbol \Upsilon on input line 137.
LaTeX Font Info:    Redeclaring math symbol \Phi on input line 137.
LaTeX Font Info:    Redeclaring math symbol \Psi on input line 137.
LaTeX Font Info:    Redeclaring math symbol \Omega on input line 137.
LaTeX Font Info:    Redeclaring math symbol \mathdollar on input line 137.
LaTeX Font Info:    Redeclaring symbol font `operators' on input line 137.
LaTeX Font Info:    Encoding `OT1' has changed to `TU' for symbol font
(Font)              `operators' in the math version `normal' on input line 137.
LaTeX Font Info:    Overwriting symbol font `operators' in version `normal'
(Font)                  OT1/cmr/m/n --> TU/ArnoPro(0)/m/n on input line 137.
LaTeX Font Info:    Encoding `OT1' has changed to `TU' for symbol font
(Font)              `operators' in the math version `bold' on input line 137.
LaTeX Font Info:    Overwriting symbol font `operators' in version `bold'
(Font)                  OT1/cmr/bx/n --> TU/ArnoPro(0)/m/n on input line 137.
LaTeX Font Info:    Overwriting symbol font `operators' in version `normal'
(Font)                  TU/ArnoPro(0)/m/n --> TU/ArnoPro(0)/m/n on input line 13
7.
LaTeX Font Info:    Overwriting math alphabet `\mathit' in version `normal'
(Font)                  OT1/cmr/m/it --> TU/ArnoPro(0)/m/it on input line 137.
LaTeX Font Info:    Overwriting math alphabet `\mathbf' in version `normal'
(Font)                  OT1/cmr/bx/n --> TU/ArnoPro(0)/bx/n on input line 137.
LaTeX Font Info:    Overwriting math alphabet `\mathsf' in version `normal'
(Font)                  OT1/cmss/m/n --> TU/lmss/m/n on input line 137.
LaTeX Font Info:    Overwriting math alphabet `\mathtt' in version `normal'
(Font)                  OT1/cmtt/m/n --> TU/lmtt/m/n on input line 137.
LaTeX Font Info:    Overwriting symbol font `operators' in version `bold'
(Font)                  TU/ArnoPro(0)/m/n --> TU/ArnoPro(0)/bx/n on input line 1
37.
LaTeX Font Info:    Overwriting math alphabet `\mathit' in version `bold'
(Font)                  OT1/cmr/bx/it --> TU/ArnoPro(0)/bx/it on input line 137.

LaTeX Font Info:    Overwriting math alphabet `\mathsf' in version `bold'
(Font)                  OT1/cmss/bx/n --> TU/lmss/bx/n on input line 137.
LaTeX Font Info:    Overwriting math alphabet `\mathtt' in version `bold'
(Font)                  OT1/cmtt/m/n --> TU/lmtt/bx/n on input line 137.
(/usr/local/texlive/2017/texmf-dist/tex/context/base/mkii/supp-pdf.mkii
[Loading MPS to PDF converter (version 2006.09.02).]
\scratchcounter=\count285
\scratchdimen=\dimen263
\scratchbox=\box57
\nofMPsegments=\count286
\nofMParguments=\count287
\everyMPshowfont=\toks30
\MPscratchCnt=\count288
\MPscratchDim=\dimen264
\MPnumerator=\count289
\makeMPintoPDFobject=\count290
\everyMPtoPDFconversion=\toks31
) (/usr/local/texlive/2017/texmf-dist/tex/latex/oberdiek/epstopdf-base.sty
Package: epstopdf-base 2016/05/15 v2.6 Base part for package epstopdf

(/usr/local/texlive/2017/texmf-dist/tex/latex/oberdiek/grfext.sty
Package: grfext 2016/05/16 v1.2 Manage graphics extensions (HO)

(/usr/local/texlive/2017/texmf-dist/tex/generic/oberdiek/kvdefinekeys.sty
Package: kvdefinekeys 2016/05/16 v1.4 Define keys (HO)
))
(/usr/local/texlive/2017/texmf-dist/tex/generic/oberdiek/pdftexcmds.sty
Package: pdftexcmds 2017/03/19 v0.25 Utility functions of pdfTeX for LuaTeX (HO)

Package pdftexcmds Info: \pdf@primitive is available.
Package pdftexcmds Info: \pdf@ifprimitive is available.
Package pdftexcmds Info: \pdfdraftmode found.
\pdftexcmds@toks=\toks32
)
Package epstopdf-base Info: Redefining graphics rule for `.eps' on input line 43
8.
Package grfext Info: Graphics extension search list:
(grfext)             [.png,.pdf,.jpg,.mps,.jpeg,.jbig2,.jb2,.PNG,.PDF,.JPG,.JPEG
,.JBIG2,.JB2,.eps]
(grfext)             \AppendGraphicsExtensions on input line 456.

(/usr/local/texlive/2017/texmf-dist/tex/latex/latexconfig/epstopdf-sys.cfg
File: epstopdf-sys.cfg 2010/07/13 v1.3 Configuration of (r)epstopdf for TeX Live

))
LaTeX Info: Redefining \dots on input line 137.
LaTeX Info: Redefining \up on input line 137.
Inserting `frenchb.french_punctuation' at position 1 in `kerning'.(load luc: /Us
ers/frromain/Library/texlive/2017/texmf-var/luatex-cache/generic/fonts/otl/arnop
ro-regular.luc)(load luc: /Users/frromain/Library/texlive/2017/texmf-var/luatex-
cache/generic/fonts/otl/arnopro-subhead.luc)
(./o_nimis_felix-5_0_1.gtex
Inserting `gregoriotex.post_linebreak' at position 1 in `post_linebreak_filter'.
Inserting `gregoriotex.disable_hyphenation' at position 1 in `hyphenate'.(load l
uc: /Users/frromain/Library/texlive/2017/texmf-var/luatex-cache/generic/fonts/ot
l/arnopro-bold.luc)(load luc: /Users/frromain/Library/texlive/2017/texmf-var/lua
tex-cache/generic/fonts/otl/arnopro-bolditalic.luc)(load luc: /Users/frromain/Li
brary/texlive/2017/texmf-var/luatex-cache/generic/fonts/otl/arnopro-italic.luc)
Removing  `gregoriotex.post_linebreak' from `post_linebreak_filter'.
Removing  `gregoriotex.disable_hyphenation' from `hyphenate'.) [1

{/usr/local/texlive/2017/texmf-var/fonts/map/pdftex/updmap/pdftex.map}] (./o_ni
mis_felix.aux))

Here is how much of LuaTeX's memory you used:
 31141 strings out of 494481
 125008,662416 words of node,token memory allocated
 42959 words of node memory still in use:
   1356 hlist, 172 vlist, 687 rule, 1 local_par, 854 glue, 854 kern, 173 penalty
, 339 glyph, 4697 attribute, 77 glue_spec, 527 attribute_list, 1 write, 1 user_d
efined nodes
   avail lists: 1:1,2:17082,3:1647,4:43,5:1796,6:920,7:520,8:54,9:693,10:26,11:4

 34487 multiletter control sequences out of 65536+600000
 63 fonts using 17936527 bytes
 42i,5n,85p,595b,229s stack positions out of 5000i,500n,10000p,200000b,100000s
</usr/local/texlive/texmf-local/fonts/truetype/public/gregoriotex/greciliae.ttf>
</Users/frromain/Library/Fonts/ArnoPro-Bold.otf></Users/frromain/Library/Fonts/P
lantinStd.otf></Users/frromain/Library/Fonts/ArnoPro-Subhead.otf></Users/frromai
n/Library/Fonts/ArnoPro-Regular.otf>
Output written on o_nimis_felix.pdf (1 page, 22505 bytes).

PDF statistics: 43 PDF objects out of 1000 (max. 8388607)
 24 compressed objects within 1 object stream
 0 named destinations out of 1000 (max. 131072)
 1 words of extra memory for PDF output out of 10000 (max. 100000000)

